<?xml version="1.0" encoding="UTF-8"?>
<robot generator="Robot 3.1.2 (Python 3.7.1 on win32)" generated="20191024 11:56:30.756" rpa="false">
<suite id="s1" name="RTBPython" source="D:\RobotFrameWork\RTBPython">
<suite id="s1-s1" name="SanityTest" source="D:\RobotFrameWork\RTBPython\SanityTest">
<suite id="s1-s1-s1" name="TestSuite" source="D:\RobotFrameWork\RTBPython\SanityTest\TestSuite.robot">
<test id="s1-s1-s1-t1" name="TC_001">
<kw name="Emp Name" library="TestFile.person">
<msg timestamp="20191024 11:56:31.512" level="INFO">test tete 123123</msg>
<status status="PASS" starttime="20191024 11:56:31.511" endtime="20191024 11:56:31.512"></status>
</kw>
<kw name="Sum 1" library="TestFile.person">
<arguments>
<arg>1</arg>
<arg>2</arg>
</arguments>
<msg timestamp="20191024 11:56:31.513" level="INFO">12</msg>
<status status="PASS" starttime="20191024 11:56:31.513" endtime="20191024 11:56:31.514"></status>
</kw>
<kw name="Log" library="BuiltIn">
<doc>Logs the given message with the given level.</doc>
<arguments>
<arg>Test Started</arg>
</arguments>
<msg timestamp="20191024 11:56:31.515" level="INFO">Test Started</msg>
<status status="PASS" starttime="20191024 11:56:31.514" endtime="20191024 11:56:31.515"></status>
</kw>
<kw name="Read Excel" library="Utility">
<arguments>
<arg>null</arg>
</arguments>
<assign>
<var>${data}</var>
</assign>
<msg timestamp="20191024 11:56:31.523" level="INFO">${data} = kanskartarun07@gmail.com</msg>
<status status="PASS" starttime="20191024 11:56:31.515" endtime="20191024 11:56:31.524"></status>
</kw>
<kw name="Log" library="BuiltIn">
<doc>Logs the given message with the given level.</doc>
<arguments>
<arg>${data}</arg>
</arguments>
<msg timestamp="20191024 11:56:31.525" level="INFO">kanskartarun07@gmail.com</msg>
<status status="PASS" starttime="20191024 11:56:31.524" endtime="20191024 11:56:31.525"></status>
</kw>
<kw name="Fill Practise Form" library="Resource">
<kw name="Click Link" library="SeleniumLibrary">
<doc>Clicks a link identified by ``locator``.</doc>
<arguments>
<arg>xpath=(//a[@href="http://www.globalsqa.com/samplepagetest/"])[3]</arg>
</arguments>
<msg timestamp="20191024 11:56:31.527" level="INFO">Clicking link 'xpath=(//a[@href="http://www.globalsqa.com/samplepagetest/"])[3]'.</msg>
<kw name="Capture Page Screenshot" library="SeleniumLibrary">
<doc>Takes a screenshot of the current page and embeds it into a log file.</doc>
<msg timestamp="20191024 11:56:31.528" level="INFO">Cannot capture screenshot because no browser is open.</msg>
<status status="PASS" starttime="20191024 11:56:31.527" endtime="20191024 11:56:31.528"></status>
</kw>
<msg timestamp="20191024 11:56:31.534" level="FAIL">No browser is open.</msg>
<status status="FAIL" starttime="20191024 11:56:31.526" endtime="20191024 11:56:31.535"></status>
</kw>
<status status="FAIL" starttime="20191024 11:56:31.525" endtime="20191024 11:56:31.535"></status>
</kw>
<tags>
<tag>SanityTest</tag>
</tags>
<status status="FAIL" starttime="20191024 11:56:31.510" endtime="20191024 11:56:31.536" critical="yes">No browser is open.</status>
</test>
<kw name="Close Browser" library="SeleniumLibrary" type="teardown">
<doc>Closes the current browser.</doc>
<status status="PASS" starttime="20191024 11:56:31.537" endtime="20191024 11:56:31.538"></status>
</kw>
<doc>Test Document</doc>
<status status="FAIL" starttime="20191024 11:56:30.850" endtime="20191024 11:56:31.538"></status>
</suite>
<status status="FAIL" starttime="20191024 11:56:30.846" endtime="20191024 11:56:31.540"></status>
</suite>
<status status="FAIL" starttime="20191024 11:56:30.814" endtime="20191024 11:56:31.542"></status>
</suite>
<statistics>
<total>
<stat pass="0" fail="1">Critical Tests</stat>
<stat pass="0" fail="1">All Tests</stat>
</total>
<tag>
<stat pass="0" fail="1">SanityTest</stat>
</tag>
<suite>
<stat pass="0" fail="1" id="s1" name="RTBPython">RTBPython</stat>
<stat pass="0" fail="1" id="s1-s1" name="SanityTest">RTBPython.SanityTest</stat>
<stat pass="0" fail="1" id="s1-s1-s1" name="TestSuite">RTBPython.SanityTest.TestSuite</stat>
</suite>
</statistics>
<errors>
</errors>
</robot>
